<?xml version="1.0" encoding="utf-8"?><testsuites><testsuite errors="0" failures="0" hostname="MacBook-Pro-Vlad.local" name="pytest" skipped="0" tests="48" time="3.484" timestamp="2020-04-19T17:32:16.626026"><testcase classname="honey_money.apps.accounts.tests.test_api_permissions" name="test_is_not_authenticated_permission_false" time="0.457"></testcase><testcase classname="honey_money.apps.accounts.tests.test_api.test_registration_api" name="test_registration_api_success" time="0.312"></testcase><testcase classname="honey_money.apps.accounts.tests.test_api.test_user_profile_api" name="test_user_profile_api_get_success" time="0.013"></testcase><testcase classname="honey_money.apps.accounts.tests.test_api.test_user_profile_api" name="test_user_profile_api_update_success" time="0.016"></testcase><testcase classname="honey_money.apps.accounts.tests.test_models.test_user_model" name="test_core_queryset_active" time="0.023"></testcase><testcase classname="honey_money.apps.accounts.tests.test_models.test_user_model" name="test_core_queryset_inactive" time="0.021"></testcase><testcase classname="honey_money.apps.accounts.tests.test_models.test_user_model" name="test_core_queryset_activate" time="0.030"></testcase><testcase classname="honey_money.apps.accounts.tests.test_models.test_user_model" name="test_core_queryset_deactivate" time="0.028"></testcase><testcase classname="honey_money.apps.accounts.tests.test_models.test_user_model" name="test_create_user_success" time="0.185"></testcase><testcase classname="honey_money.apps.accounts.tests.test_models.test_user_model" name="test_create_user_no_email_failure" time="0.010"></testcase><testcase classname="honey_money.apps.accounts.tests.test_models.test_user_model" name="test_create_superuser_success" time="0.185"></testcase><testcase classname="honey_money.apps.accounts.tests.test_models.test_user_model" name="test_create_superuser_no_email_failure" time="0.009"></testcase><testcase classname="honey_money.apps.accounts.tests.test_models.test_user_model" name="test_get_short_name[jane@example.com]" time="0.015"></testcase><testcase classname="honey_money.apps.accounts.tests.test_models.test_user_model" name="test_get_short_name[john@example.com]" time="0.015"></testcase><testcase classname="honey_money.apps.accounts.tests.test_models.test_user_model" name="test_get_full_name[Jane-Doe-jane@example.com-Jane Doe &lt;jane@example.com&gt;]" time="0.016"></testcase><testcase classname="honey_money.apps.accounts.tests.test_models.test_user_model" name="test_get_full_name[None-None-jane@example.com-jane@example.com]" time="0.014"></testcase><testcase classname="honey_money.apps.accounts.tests.test_models.test_user_model" name="test_get_full_name[None-Doe-jane@example.com-jane@example.com]" time="0.017"></testcase><testcase classname="honey_money.apps.accounts.tests.test_models.test_user_model" name="test_get_full_name[Jane-None-jane@example.com-jane@example.com]" time="0.017"></testcase><testcase classname="honey_money.apps.accounts.tests.test_models.test_user_model" name="test_notification_salutation[Jane-Doe-Jane Doe]" time="0.013"></testcase><testcase classname="honey_money.apps.accounts.tests.test_models.test_user_model" name="test_notification_salutation[None-None-Dear client]" time="0.011"></testcase><testcase classname="honey_money.apps.accounts.tests.test_selectors.test_get_users_selector" name="test_get_all_user_selector" time="0.022"></testcase><testcase classname="honey_money.apps.accounts.tests.test_serializers.test_change_password_serializer" name="test_validate_old_password_success" time="0.249"></testcase><testcase classname="honey_money.apps.accounts.tests.test_serializers.test_change_password_serializer" name="test_validate_new_password_success" time="0.099"></testcase><testcase classname="honey_money.apps.accounts.tests.test_serializers.test_change_password_serializer" name="test_validate_old_password_failure" time="0.099"></testcase><testcase classname="honey_money.apps.accounts.tests.test_serializers.test_change_password_serializer" name="test_validate_new_password_failure" time="0.097"></testcase><testcase classname="honey_money.apps.accounts.tests.test_serializers.test_change_password_serializer" name="test_save" time="0.017"></testcase><testcase classname="honey_money.apps.accounts.tests.test_serializers.test_registration_serializer" name="test_registration_serializer_validate_email_success" time="0.011"></testcase><testcase classname="honey_money.apps.accounts.tests.test_serializers.test_registration_serializer" name="test_registration_serializer_validate_email_failure" time="0.012"></testcase><testcase classname="honey_money.apps.accounts.tests.test_serializers.test_registration_serializer" name="test_registration_serializer_save_success" time="0.283"></testcase><testcase classname="honey_money.apps.accounts.tests.test_services.test_password_service" name="test_change_password" time="0.350"></testcase><testcase classname="honey_money.apps.accounts.tests.test_services.test_password_service" name="test_check_password" time="0.178"></testcase><testcase classname="honey_money.apps.accounts.tests.test_services.test_password_service" name="test_generate_reset_password_signature" time="0.011"></testcase><testcase classname="honey_money.apps.accounts.tests.test_services.test_password_service" name="test_reset_password_success" time="0.018"></testcase><testcase classname="honey_money.apps.accounts.tests.test_services.test_password_service" name="test_reset_password_signature_failure[SignatureExpired]" time="0.013"></testcase><testcase classname="honey_money.apps.accounts.tests.test_services.test_password_service" name="test_reset_password_signature_failure[BadSignature]" time="0.015"></testcase><testcase classname="honey_money.apps.accounts.tests.test_services.test_password_service" name="test_reset_password_user_failure" time="0.015"></testcase><testcase classname="honey_money.apps.accounts.tests.test_services.test_password_service" name="test_send_reset_password_link_success" time="0.026"></testcase><testcase classname="honey_money.apps.accounts.tests.test_services.test_password_service" name="test_send_reset_password_link_failure" time="0.019"></testcase><testcase classname="honey_money.apps.accounts.tests.test_api_permissions" name="test_is_not_authenticated_permission_true" time="0.002"></testcase><testcase classname="honey_money.apps.accounts.tests.test_serializers.test_confirm_reset_password_serializer" name="test_validate_password_success" time="0.005"></testcase><testcase classname="honey_money.apps.accounts.tests.test_serializers.test_confirm_reset_password_serializer" name="test_validate_password_failure" time="0.004"></testcase><testcase classname="honey_money.apps.accounts.tests.test_serializers.test_confirm_reset_password_serializer" name="test_save_success" time="0.007"></testcase><testcase classname="honey_money.apps.accounts.tests.test_serializers.test_confirm_reset_password_serializer" name="test_save_failure" time="0.007"></testcase><testcase classname="honey_money.apps.accounts.tests.test_serializers.test_registration_serializer" name="test_registration_serializer_validate_success" time="0.001"></testcase><testcase classname="honey_money.apps.accounts.tests.test_serializers.test_registration_serializer" name="test_registration_serializer_validate_password_success" time="0.004"></testcase><testcase classname="honey_money.apps.accounts.tests.test_serializers.test_registration_serializer" name="test_registration_serializer_validate_password_failure" time="0.004"></testcase><testcase classname="honey_money.apps.accounts.tests.test_serializers.test_reset_password_serializer" name="test_save" time="0.005"></testcase><testcase classname="honey_money.apps.accounts.tests.test_services.test_password_service" name="test_validate_password" time="0.044"></testcase></testsuite></testsuites>